<?xml version="1.0" encoding="UTF-8"?>
<!-- Generated by org.testng.reporters.JUnitReportReporter -->
<testsuite hostname="TASSU" name="com.timewarnercable.TimewarnercableTest.TS001_TC001_VerifyHeaderLinks" tests="1" failures="0" timestamp="7 Dec 2015 16:03:43 GMT" time="20.091" errors="0">
  <testcase name="varifyHeader" time="20.091" classname="com.timewarnercable.TimewarnercableTest.TS001_TC001_VerifyHeaderLinks"/>
</testsuite> <!-- com.timewarnercable.TimewarnercableTest.TS001_TC001_VerifyHeaderLinks -->
