<?xml version="1.0" encoding="UTF-8"?>
<!-- Generated by org.testng.reporters.JUnitReportReporter -->
<testsuite hostname="TASSU" name="com.timewarnercable.TimewarnercableTest.TS001_TC003_ValidateCurrentLocation" tests="1" failures="0" timestamp="15 Dec 2015 00:40:10 GMT" time="96.044" errors="0">
  <testcase name="validateCurrentZipLocation" time="96.044" classname="com.timewarnercable.TimewarnercableTest.TS001_TC003_ValidateCurrentLocation"/>
</testsuite> <!-- com.timewarnercable.TimewarnercableTest.TS001_TC003_ValidateCurrentLocation -->
