<?xml version="1.0" encoding="UTF-8"?>
<!-- Generated by org.testng.reporters.JUnitReportReporter -->
<testsuite hostname="TASSU" name="com.timewarnercable.TimewarnercableTest.TestHeaderClass" tests="1" failures="0" timestamp="5 Dec 2015 04:25:31 GMT" time="0.984" errors="0">
  <testcase name="testHeader" time="0.984" classname="com.timewarnercable.TimewarnercableTest.TestHeaderClass"/>
</testsuite> <!-- com.timewarnercable.TimewarnercableTest.TestHeaderClass -->
