<?xml version="1.0" encoding="UTF-8"?>
<!-- Generated by org.testng.reporters.JUnitReportReporter -->
<testsuite hostname="TASSU" name="com.timewarnercable.TimewarnercableTest.TS001_TC002_VerifyInvalidLoginWithHover" tests="1" failures="0" timestamp="7 Dec 2015 00:18:18 GMT" time="7.067" errors="0">
  <testcase name="VerifyInvalidLoginWithHover" time="7.067" classname="com.timewarnercable.TimewarnercableTest.TS001_TC002_VerifyInvalidLoginWithHover"/>
</testsuite> <!-- com.timewarnercable.TimewarnercableTest.TS001_TC002_VerifyInvalidLoginWithHover -->
