<?xml version="1.0" encoding="UTF-8"?>
<!-- Generated by org.testng.reporters.JUnitReportReporter -->
<testsuite hostname="TASSU" name="com.timewarnercable.TimewarnercableTest.Strtesting" tests="1" failures="0" timestamp="3 Dec 2015 02:15:04 GMT" time="10.801" errors="0">
  <testcase name="stringTest" time="10.801" classname="com.timewarnercable.TimewarnercableTest.Strtesting"/>
</testsuite> <!-- com.timewarnercable.TimewarnercableTest.Strtesting -->
