<?xml version="1.0" encoding="UTF-8"?>
<!-- Generated by org.testng.reporters.JUnitReportReporter -->
<testsuite hostname="TASSU" name="com.timewarnercable.TimewarnercableTest.TS001_TC005_ValidateInvalidEmailLogin" tests="1" failures="0" timestamp="4 Dec 2015 16:29:50 GMT" time="26.895" errors="0">
  <testcase name="InvalidEmailLogin" time="26.895" classname="com.timewarnercable.TimewarnercableTest.TS001_TC005_ValidateInvalidEmailLogin"/>
</testsuite> <!-- com.timewarnercable.TimewarnercableTest.TS001_TC005_ValidateInvalidEmailLogin -->
