<?xml version="1.0" encoding="UTF-8"?>
<!-- Generated by org.testng.reporters.JUnitReportReporter -->
<testsuite hostname="TASSU" name="com.timewarnercable.TimewarnercableTest.TS001_TC002_VerifyInvalidLogin" tests="1" failures="0" timestamp="7 Dec 2015 03:52:59 GMT" time="8.555" errors="0">
  <testcase name="verifyInvalidLogin" time="8.555" classname="com.timewarnercable.TimewarnercableTest.TS001_TC002_VerifyInvalidLogin"/>
</testsuite> <!-- com.timewarnercable.TimewarnercableTest.TS001_TC002_VerifyInvalidLogin -->
