<?xml version="1.0" encoding="UTF-8"?>
<!-- Generated by org.testng.reporters.JUnitReportReporter -->
<testsuite hostname="TASSU" name="com.timewarnercable.TimewarnercableTest.TS001_TC005_ValidateInvalidEmailLogin" tests="1" failures="0" timestamp="15 Dec 2015 00:55:07 GMT" time="13.635" errors="0">
  <testcase name="InvalidEmailLogin" time="13.635" classname="com.timewarnercable.TimewarnercableTest.TS001_TC005_ValidateInvalidEmailLogin"/>
</testsuite> <!-- com.timewarnercable.TimewarnercableTest.TS001_TC005_ValidateInvalidEmailLogin -->
