<?xml version="1.0" encoding="UTF-8"?>
<!-- Generated by org.testng.reporters.JUnitReportReporter -->
<testsuite hostname="TASSU" name="com.timewarnercable.TimewarnercableTest.TS001_TC004_ValidateSearchFunctionality" tests="1" failures="0" timestamp="7 Dec 2015 03:52:59 GMT" time="18.133" errors="0">
  <testcase name="validateSearch" time="18.133" classname="com.timewarnercable.TimewarnercableTest.TS001_TC004_ValidateSearchFunctionality"/>
</testsuite> <!-- com.timewarnercable.TimewarnercableTest.TS001_TC004_ValidateSearchFunctionality -->
