<?xml version="1.0" encoding="UTF-8"?>
<!-- Generated by org.testng.reporters.JUnitReportReporter -->
<testsuite hostname="TASSU" name="com.timewarnercable.TimewarnercableTest.TS001_TC001_VerifyHeaderLinks" tests="1" failures="0" timestamp="15 Dec 2015 00:55:07 GMT" time="23.903" errors="0">
  <testcase name="varifyHeader" time="23.903" classname="com.timewarnercable.TimewarnercableTest.TS001_TC001_VerifyHeaderLinks"/>
</testsuite> <!-- com.timewarnercable.TimewarnercableTest.TS001_TC001_VerifyHeaderLinks -->
