<?xml version="1.0" encoding="UTF-8"?>
<!-- Generated by org.testng.reporters.JUnitReportReporter -->
<testsuite hostname="TASSU" name="com.timewarnercable.TimewarnercableTest.TS001_TC002_VerifyInvalidLogin" tests="1" failures="0" timestamp="15 Dec 2015 00:55:07 GMT" time="11.106" errors="0">
  <testcase name="verifyInvalidLogin" time="11.106" classname="com.timewarnercable.TimewarnercableTest.TS001_TC002_VerifyInvalidLogin"/>
</testsuite> <!-- com.timewarnercable.TimewarnercableTest.TS001_TC002_VerifyInvalidLogin -->
